mode: set
github.com/wcrowe/celeritas/render/render.go:35.111,36.37 1 1
github.com/wcrowe/celeritas/render/render.go:43.2,43.51 1 1
github.com/wcrowe/celeritas/render/render.go:37.12,38.36 1 1
github.com/wcrowe/celeritas/render/render.go:39.13,40.48 1 1
github.com/wcrowe/celeritas/render/render.go:41.10,41.10 0 1
github.com/wcrowe/celeritas/render/render.go:47.102,49.16 2 1
github.com/wcrowe/celeritas/render/render.go:53.2,54.17 2 1
github.com/wcrowe/celeritas/render/render.go:58.2,59.16 2 1
github.com/wcrowe/celeritas/render/render.go:63.2,63.12 1 1
github.com/wcrowe/celeritas/render/render.go:49.16,51.3 1 0
github.com/wcrowe/celeritas/render/render.go:54.17,56.3 1 0
github.com/wcrowe/celeritas/render/render.go:59.16,61.3 1 0
github.com/wcrowe/celeritas/render/render.go:67.121,69.22 2 1
github.com/wcrowe/celeritas/render/render.go:74.2,75.17 2 1
github.com/wcrowe/celeritas/render/render.go:78.2,79.16 2 1
github.com/wcrowe/celeritas/render/render.go:82.2,82.46 1 1
github.com/wcrowe/celeritas/render/render.go:87.2,87.12 1 1
github.com/wcrowe/celeritas/render/render.go:69.22,71.3 1 1
github.com/wcrowe/celeritas/render/render.go:71.8,73.3 1 0
github.com/wcrowe/celeritas/render/render.go:75.17,77.3 1 0
github.com/wcrowe/celeritas/render/render.go:79.16,81.3 1 0
github.com/wcrowe/celeritas/render/render.go:82.46,85.3 2 0
